{
  "RSpec": {
    "coverage": {
      "/Users/edytawrobel/Repos/week10/mars-rover/spec/operator_spec.rb": [
        1,
        1,
        null,
        1,
        null,
        3,
        3,
        3,
        null,
        null,
        1,
        1,
        1,
        null,
        null,
        1,
        1,
        null,
        null,
        null,
        null
      ],
      "/Users/edytawrobel/Repos/week10/mars-rover/lib/operator.rb": [
        1,
        null,
        1,
        null,
        1,
        2,
        2,
        null,
        null
      ],
      "/Users/edytawrobel/Repos/week10/mars-rover/spec/plateau_spec.rb": [
        1,
        1,
        null,
        1,
        3,
        null,
        1,
        1,
        1,
        null,
        null,
        1,
        1,
        null,
        null,
        null
      ],
      "/Users/edytawrobel/Repos/week10/mars-rover/lib/plateau.rb": [
        1,
        null,
        1,
        null,
        1,
        4,
        4,
        null,
        null
      ],
      "/Users/edytawrobel/Repos/week10/mars-rover/spec/rover_spec.rb": [
        1,
        1,
        null,
        1,
        3,
        null,
        1,
        1,
        1,
        null,
        null,
        1,
        1,
        null,
        null,
        null
      ],
      "/Users/edytawrobel/Repos/week10/mars-rover/lib/rover.rb": [
        1,
        null,
        1,
        null,
        1,
        4,
        4,
        null,
        null
      ]
    },
    "timestamp": 1488810604
  }
}
