{
  "RSpec": {
    "coverage": {
      "/Users/edytawrobel/Repos/week10/rovers/lib/operator.rb": [
        1,
        null,
        1,
        null,
        1,
        9,
        9,
        null,
        null,
        1,
        7,
        null,
        null,
        1,
        7,
        null,
        null,
        1,
        7,
        27,
        null,
        null,
        1,
        2,
        null,
        null,
        1,
        null,
        1,
        7,
        null,
        null,
        1,
        22,
        null,
        5,
        null,
        5,
        null,
        12,
        null,
        null,
        null,
        null
      ],
      "/Users/edytawrobel/Repos/week10/rovers/lib/vehicle.rb": [
        1,
        null,
        1,
        null,
        1,
        null,
        1,
        14,
        14,
        14,
        14,
        null,
        null,
        1,
        10,
        null,
        null,
        1,
        10,
        null,
        null,
        1,
        12,
        null,
        null,
        1,
        13,
        null,
        null,
        1,
        null,
        1,
        10,
        null,
        null,
        1,
        22,
        22,
        10,
        null,
        null,
        1,
        13,
        4,
        3,
        4,
        2,
        null,
        null,
        null
      ],
      "/Users/edytawrobel/Repos/week10/rovers/lib/surface.rb": [
        1,
        null,
        1,
        null,
        1,
        4,
        4,
        null,
        null
      ],
      "/Users/edytawrobel/Repos/week10/rovers/spec/operator_spec.rb": [
        1,
        null,
        1,
        null,
        8,
        6,
        6,
        null,
        1,
        1,
        1,
        1,
        null,
        null,
        null,
        1,
        1,
        1,
        1,
        null,
        null,
        null,
        1,
        null,
        1,
        1,
        1,
        2,
        null,
        null,
        1,
        1,
        2,
        null,
        null,
        null,
        1,
        null,
        1,
        3,
        3,
        null,
        null,
        1,
        1,
        1,
        null,
        null,
        1,
        1,
        1,
        null,
        null,
        1,
        1,
        1,
        null,
        null,
        null,
        null
      ],
      "/Users/edytawrobel/Repos/week10/rovers/spec/surface_spec.rb": [
        1,
        null,
        1,
        3,
        null,
        1,
        1,
        1,
        null,
        null,
        1,
        1,
        null,
        null,
        null
      ],
      "/Users/edytawrobel/Repos/week10/rovers/spec/vehicle_spec.rb": [
        1,
        null,
        1,
        null,
        13,
        13,
        null,
        1,
        1,
        1,
        null,
        null,
        1,
        1,
        null,
        null,
        1,
        1,
        null,
        null,
        1,
        1,
        null,
        null,
        null,
        1,
        1,
        1,
        null,
        null,
        null,
        1,
        1,
        1,
        1,
        null,
        null,
        1,
        1,
        1,
        null,
        null,
        null,
        1,
        1,
        1,
        1,
        1,
        null,
        null,
        1,
        1,
        1,
        1,
        1,
        1,
        null,
        null,
        1,
        1,
        1,
        1,
        1,
        1,
        null,
        null,
        null,
        1,
        1,
        1,
        1,
        null,
        null,
        1,
        1,
        1,
        1,
        1,
        null,
        null,
        null
      ]
    },
    "timestamp": 1489161172
  }
}
